2022-03-31 12:51:56 - PHP Notice:  Error: Could not load template /Users/icm/Sites/localhost/new.new.doll/upload/catalog/view/theme/default/template/common/column_left.tpl! in /Users/icm/Sites/localhost/new.new.doll/upload/system/engine/loader.php on line 86
2022-03-31 12:52:02 - PHP Notice:  Error: Could not load template /Users/icm/Sites/localhost/new.new.doll/upload/catalog/view/theme/default/template/common/column_left.tpl! in /Users/icm/Sites/localhost/new.new.doll/upload/system/engine/loader.php on line 86
2022-03-31 12:52:10 - PHP Notice:  Error: Could not load template /Users/icm/Sites/localhost/new.new.doll/upload/catalog/view/theme/default/template/common/column_left.tpl! in /Users/icm/Sites/localhost/new.new.doll/upload/system/engine/loader.php on line 86
2022-03-31 12:52:11 - PHP Notice:  Error: Could not load template /Users/icm/Sites/localhost/new.new.doll/upload/catalog/view/theme/default/template/common/column_left.tpl! in /Users/icm/Sites/localhost/new.new.doll/upload/system/engine/loader.php on line 86
2022-03-31 12:53:06 - PHP Notice:  Error: Could not load template /Users/icm/Sites/localhost/new.new.doll/upload/catalog/view/theme/default/template/common/column_left.tpl! in /Users/icm/Sites/localhost/new.new.doll/upload/system/engine/loader.php on line 86
2022-03-31 12:54:01 - PHP Notice:  Undefined variable: cart_total in /Users/icm/Sites/localhost/new.new.doll/upload/catalog/view/theme/doll/template/common/header.tpl on line 51
2022-03-31 12:55:28 - PHP Notice:  Undefined variable: cart_total in /Users/icm/Sites/localhost/new.new.doll/upload/catalog/view/theme/doll/template/common/header.tpl on line 51
2022-03-31 12:55:58 - PHP Notice:  Undefined variable: cart_total in /Users/icm/Sites/localhost/new.new.doll/upload/catalog/view/theme/doll/template/common/header.tpl on line 51
2022-03-31 12:56:09 - PHP Notice:  Undefined variable: cart_total in /Users/icm/Sites/localhost/new.new.doll/upload/catalog/view/theme/doll/template/common/header.tpl on line 51
2022-03-31 12:59:08 - PHP Notice:  Undefined variable: cart_total in /Users/icm/Sites/localhost/new.new.doll/upload/catalog/view/theme/doll/template/common/header.tpl on line 51
2022-03-31 13:34:12 - PHP Notice:  Undefined variable: cart_total in /Users/icm/Sites/localhost/new.new.doll/upload/catalog/view/theme/doll/template/common/header.tpl on line 51
2022-03-31 13:34:55 - PHP Notice:  Undefined variable: cart_total in /Users/icm/Sites/localhost/new.new.doll/upload/catalog/view/theme/doll/template/common/header.tpl on line 51
2022-03-31 13:35:01 - PHP Notice:  Undefined variable: cart_total in /Users/icm/Sites/localhost/new.new.doll/upload/catalog/view/theme/doll/template/common/header.tpl on line 51
2022-03-31 13:36:04 - PHP Notice:  Undefined variable: cart_total in /Users/icm/Sites/localhost/new.new.doll/upload/catalog/view/theme/doll/template/common/header.tpl on line 51
2022-03-31 13:36:34 - PHP Notice:  Undefined variable: cart_total in /Users/icm/Sites/localhost/new.new.doll/upload/catalog/view/theme/doll/template/common/header.tpl on line 51
2022-03-31 13:36:35 - PHP Notice:  Undefined variable: cart_total in /Users/icm/Sites/localhost/new.new.doll/upload/catalog/view/theme/doll/template/common/header.tpl on line 51
2022-03-31 13:38:05 - PHP Notice:  Undefined variable: cart_total in /Users/icm/Sites/localhost/new.new.doll/upload/catalog/view/theme/doll/template/common/header.tpl on line 52
2022-03-31 13:38:29 - PHP Notice:  Undefined variable: cart_total in /Users/icm/Sites/localhost/new.new.doll/upload/catalog/view/theme/doll/template/common/header.tpl on line 52
2022-03-31 13:40:07 - PHP Notice:  Undefined variable: cart_total in /Users/icm/Sites/localhost/new.new.doll/upload/catalog/view/theme/doll/template/common/header.tpl on line 52
2022-03-31 13:40:59 - PHP Notice:  Undefined variable: cart_total in /Users/icm/Sites/localhost/new.new.doll/upload/catalog/view/theme/doll/template/common/header.tpl on line 52
2022-03-31 13:42:05 - PHP Notice:  Undefined variable: cart_total in /Users/icm/Sites/localhost/new.new.doll/upload/catalog/view/theme/doll/template/common/header.tpl on line 52
2022-03-31 13:42:50 - PHP Notice:  Undefined variable: cart_total in /Users/icm/Sites/localhost/new.new.doll/upload/catalog/view/theme/doll/template/common/header.tpl on line 52
2022-03-31 13:42:53 - PHP Notice:  Undefined variable: cart_total in /Users/icm/Sites/localhost/new.new.doll/upload/catalog/view/theme/doll/template/common/header.tpl on line 52
2022-03-31 13:43:02 - PHP Notice:  Undefined variable: cart_total in /Users/icm/Sites/localhost/new.new.doll/upload/catalog/view/theme/doll/template/common/header.tpl on line 52
2022-03-31 13:43:08 - PHP Notice:  Undefined variable: cart_total in /Users/icm/Sites/localhost/new.new.doll/upload/catalog/view/theme/doll/template/common/header.tpl on line 52
2022-03-31 13:43:10 - PHP Notice:  Undefined variable: cart_total in /Users/icm/Sites/localhost/new.new.doll/upload/catalog/view/theme/doll/template/common/header.tpl on line 52
2022-03-31 13:43:11 - PHP Notice:  Undefined variable: cart_total in /Users/icm/Sites/localhost/new.new.doll/upload/catalog/view/theme/doll/template/common/header.tpl on line 52
2022-03-31 13:45:36 - PHP Notice:  Undefined variable: cart_total in /Users/icm/Sites/localhost/new.new.doll/upload/catalog/view/theme/doll/template/common/header.tpl on line 52
2022-03-31 13:48:52 - PHP Notice:  Undefined variable: cart_total in /Users/icm/Sites/localhost/new.new.doll/upload/catalog/view/theme/doll/template/common/header.tpl on line 52
2022-03-31 13:49:00 - PHP Notice:  Undefined variable: cart_total in /Users/icm/Sites/localhost/new.new.doll/upload/catalog/view/theme/doll/template/common/header.tpl on line 52
2022-03-31 13:49:04 - PHP Notice:  Undefined variable: cart_total in /Users/icm/Sites/localhost/new.new.doll/upload/catalog/view/theme/doll/template/common/header.tpl on line 52
2022-03-31 13:50:00 - PHP Notice:  Undefined variable: cart_total in /Users/icm/Sites/localhost/new.new.doll/upload/catalog/view/theme/doll/template/common/header.tpl on line 52
2022-03-31 13:50:24 - PHP Notice:  Undefined variable: cart_total in /Users/icm/Sites/localhost/new.new.doll/upload/catalog/view/theme/doll/template/common/header.tpl on line 52
2022-03-31 13:56:46 - PHP Notice:  Undefined variable: cart_total in /Users/icm/Sites/localhost/new.new.doll/upload/catalog/view/theme/doll/template/common/header.tpl on line 52
2022-03-31 13:56:48 - PHP Notice:  Undefined variable: cart_total in /Users/icm/Sites/localhost/new.new.doll/upload/catalog/view/theme/doll/template/common/header.tpl on line 52
2022-03-31 13:56:49 - PHP Notice:  Undefined variable: cart_total in /Users/icm/Sites/localhost/new.new.doll/upload/catalog/view/theme/doll/template/common/header.tpl on line 52
2022-03-31 13:56:50 - PHP Notice:  Undefined variable: cart_total in /Users/icm/Sites/localhost/new.new.doll/upload/catalog/view/theme/doll/template/common/header.tpl on line 52
2022-03-31 13:56:54 - PHP Notice:  Undefined variable: cart_total in /Users/icm/Sites/localhost/new.new.doll/upload/catalog/view/theme/doll/template/common/header.tpl on line 52
2022-03-31 13:56:54 - PHP Notice:  Undefined variable: cart_total in /Users/icm/Sites/localhost/new.new.doll/upload/catalog/view/theme/doll/template/common/header.tpl on line 52
2022-03-31 13:56:55 - PHP Notice:  Undefined variable: cart_total in /Users/icm/Sites/localhost/new.new.doll/upload/catalog/view/theme/doll/template/common/header.tpl on line 52
2022-03-31 13:56:55 - PHP Notice:  Undefined variable: cart_total in /Users/icm/Sites/localhost/new.new.doll/upload/catalog/view/theme/doll/template/common/header.tpl on line 52
2022-03-31 13:56:56 - PHP Notice:  Undefined variable: cart_total in /Users/icm/Sites/localhost/new.new.doll/upload/catalog/view/theme/doll/template/common/header.tpl on line 52
2022-03-31 13:57:01 - PHP Notice:  Undefined variable: cart_total in /Users/icm/Sites/localhost/new.new.doll/upload/catalog/view/theme/doll/template/common/header.tpl on line 52
2022-03-31 13:57:15 - PHP Notice:  Undefined variable: cart_total in /Users/icm/Sites/localhost/new.new.doll/upload/catalog/view/theme/doll/template/common/header.tpl on line 52
2022-03-31 13:57:15 - PHP Notice:  Undefined variable: cart_total in /Users/icm/Sites/localhost/new.new.doll/upload/catalog/view/theme/doll/template/common/header.tpl on line 52
2022-03-31 13:57:16 - PHP Notice:  Undefined variable: cart_total in /Users/icm/Sites/localhost/new.new.doll/upload/catalog/view/theme/doll/template/common/header.tpl on line 52
2022-03-31 13:57:16 - PHP Notice:  Undefined variable: cart_total in /Users/icm/Sites/localhost/new.new.doll/upload/catalog/view/theme/doll/template/common/header.tpl on line 52
2022-03-31 13:57:17 - PHP Notice:  Undefined variable: cart_total in /Users/icm/Sites/localhost/new.new.doll/upload/catalog/view/theme/doll/template/common/header.tpl on line 52
2022-03-31 13:57:18 - PHP Notice:  Undefined variable: cart_total in /Users/icm/Sites/localhost/new.new.doll/upload/catalog/view/theme/doll/template/common/header.tpl on line 52
2022-03-31 14:12:24 - PHP Notice:  Error: Could not load template /Users/icm/Sites/localhost/new.new.doll/upload/catalog/view/theme/default/template/checkout/cart.tpl! in /Users/icm/Sites/localhost/new.new.doll/upload/system/engine/loader.php on line 86
2022-03-31 14:12:26 - PHP Notice:  Error: Could not load template /Users/icm/Sites/localhost/new.new.doll/upload/catalog/view/theme/default/template/checkout/cart.tpl! in /Users/icm/Sites/localhost/new.new.doll/upload/system/engine/loader.php on line 86
2022-03-31 14:12:27 - PHP Notice:  Error: Could not load template /Users/icm/Sites/localhost/new.new.doll/upload/catalog/view/theme/default/template/checkout/cart.tpl! in /Users/icm/Sites/localhost/new.new.doll/upload/system/engine/loader.php on line 86
2022-03-31 14:12:31 - PHP Notice:  Error: Could not load template /Users/icm/Sites/localhost/new.new.doll/upload/catalog/view/theme/default/template/checkout/cart.tpl! in /Users/icm/Sites/localhost/new.new.doll/upload/system/engine/loader.php on line 86
2022-03-31 14:12:41 - PHP Notice:  Error: Could not load template /Users/icm/Sites/localhost/new.new.doll/upload/catalog/view/theme/default/template/checkout/cart.tpl! in /Users/icm/Sites/localhost/new.new.doll/upload/system/engine/loader.php on line 86
2022-03-31 14:13:44 - PHP Notice:  Error: Could not load template /Users/icm/Sites/localhost/new.new.doll/upload/catalog/view/theme/default/template/checkout/cart.tpl! in /Users/icm/Sites/localhost/new.new.doll/upload/system/engine/loader.php on line 86
2022-03-31 14:16:24 - PHP Notice:  Error: Could not load template /Users/icm/Sites/localhost/new.new.doll/upload/catalog/view/theme/default/template/checkout/cart.tpl! in /Users/icm/Sites/localhost/new.new.doll/upload/system/storage/modification/system/engine/loader.php on line 86
2022-03-31 14:27:22 - PHP Notice:  Error: Could not load template /Users/icm/Sites/localhost/new.new.doll/upload/catalog/view/theme/default/template/checkout/cart.tpl! in /Users/icm/Sites/localhost/new.new.doll/upload/system/storage/modification/system/engine/loader.php on line 86
2022-03-31 14:31:43 - PHP Notice:  Error: Could not load model /Users/icm/Sites/localhost/new.new.doll/upload/catalog/model/extension/shipping/flat.php! in /Users/icm/Sites/localhost/new.new.doll/upload/system/storage/modification/system/engine/loader.php on line 63
2022-03-31 14:33:15 - PHP Notice:  Error: Could not load model /Users/icm/Sites/localhost/new.new.doll/upload/catalog/model/extension/shipping/flat.php! in /Users/icm/Sites/localhost/new.new.doll/upload/system/storage/modification/system/engine/loader.php on line 63
2022-03-31 14:56:04 - PHP Warning:  ftp_connect(): php_network_getaddresses: getaddrinfo failed: nodename nor servname provided, or not known in /Users/icm/Sites/localhost/new.new.doll/upload/admin/controller/extension/installer.php on line 292
2022-03-31 14:58:18 - PHP Warning:  ftp_connect(): php_network_getaddresses: getaddrinfo failed: nodename nor servname provided, or not known in /Users/icm/Sites/localhost/new.new.doll/upload/admin/controller/extension/installer.php on line 292
2022-03-31 15:40:04 - PHP Notice:  Undefined variable: token in /Users/icm/Sites/localhost/new.new.doll/upload/catalog/view/theme/doll/template/module/filter.tpl on line 17
2022-03-31 15:40:04 - PHP Notice:  Undefined variable: token in /Users/icm/Sites/localhost/new.new.doll/upload/catalog/view/theme/doll/template/module/filter.tpl on line 17
2022-03-31 15:40:04 - PHP Notice:  Undefined variable: token in /Users/icm/Sites/localhost/new.new.doll/upload/catalog/view/theme/doll/template/module/filter.tpl on line 17
2022-03-31 15:40:04 - PHP Notice:  Undefined variable: token in /Users/icm/Sites/localhost/new.new.doll/upload/catalog/view/theme/doll/template/module/filter.tpl on line 17
2022-03-31 15:40:04 - PHP Notice:  Undefined variable: token in /Users/icm/Sites/localhost/new.new.doll/upload/catalog/view/theme/doll/template/module/filter.tpl on line 17
2022-03-31 15:40:04 - PHP Notice:  Undefined variable: token in /Users/icm/Sites/localhost/new.new.doll/upload/catalog/view/theme/doll/template/module/filter.tpl on line 17
2022-03-31 15:40:04 - PHP Notice:  Undefined variable: token in /Users/icm/Sites/localhost/new.new.doll/upload/catalog/view/theme/doll/template/module/filter.tpl on line 17
2022-03-31 15:40:11 - PHP Notice:  Undefined variable: token in /Users/icm/Sites/localhost/new.new.doll/upload/catalog/view/theme/doll/template/module/filter.tpl on line 17
2022-03-31 15:40:11 - PHP Notice:  Undefined variable: token in /Users/icm/Sites/localhost/new.new.doll/upload/catalog/view/theme/doll/template/module/filter.tpl on line 17
2022-03-31 15:40:11 - PHP Notice:  Undefined variable: token in /Users/icm/Sites/localhost/new.new.doll/upload/catalog/view/theme/doll/template/module/filter.tpl on line 17
2022-03-31 15:40:11 - PHP Notice:  Undefined variable: token in /Users/icm/Sites/localhost/new.new.doll/upload/catalog/view/theme/doll/template/module/filter.tpl on line 17
2022-03-31 15:40:11 - PHP Notice:  Undefined variable: token in /Users/icm/Sites/localhost/new.new.doll/upload/catalog/view/theme/doll/template/module/filter.tpl on line 17
2022-03-31 15:40:11 - PHP Notice:  Undefined variable: token in /Users/icm/Sites/localhost/new.new.doll/upload/catalog/view/theme/doll/template/module/filter.tpl on line 17
2022-03-31 15:40:20 - PHP Notice:  Undefined variable: token in /Users/icm/Sites/localhost/new.new.doll/upload/catalog/view/theme/doll/template/module/filter.tpl on line 17
2022-03-31 15:40:20 - PHP Notice:  Undefined variable: token in /Users/icm/Sites/localhost/new.new.doll/upload/catalog/view/theme/doll/template/module/filter.tpl on line 17
2022-03-31 15:40:20 - PHP Notice:  Undefined variable: token in /Users/icm/Sites/localhost/new.new.doll/upload/catalog/view/theme/doll/template/module/filter.tpl on line 17
2022-03-31 15:40:20 - PHP Notice:  Undefined variable: token in /Users/icm/Sites/localhost/new.new.doll/upload/catalog/view/theme/doll/template/module/filter.tpl on line 17
2022-03-31 15:40:20 - PHP Notice:  Undefined variable: token in /Users/icm/Sites/localhost/new.new.doll/upload/catalog/view/theme/doll/template/module/filter.tpl on line 17
2022-03-31 15:40:20 - PHP Notice:  Undefined variable: token in /Users/icm/Sites/localhost/new.new.doll/upload/catalog/view/theme/doll/template/module/filter.tpl on line 17
2022-03-31 15:40:20 - PHP Notice:  Undefined variable: token in /Users/icm/Sites/localhost/new.new.doll/upload/catalog/view/theme/doll/template/module/filter.tpl on line 17
2022-03-31 15:40:20 - PHP Notice:  Undefined variable: token in /Users/icm/Sites/localhost/new.new.doll/upload/catalog/view/theme/doll/template/module/filter.tpl on line 17
2022-03-31 15:40:20 - PHP Notice:  Undefined variable: token in /Users/icm/Sites/localhost/new.new.doll/upload/catalog/view/theme/doll/template/module/filter.tpl on line 17
2022-03-31 15:40:20 - PHP Notice:  Undefined variable: token in /Users/icm/Sites/localhost/new.new.doll/upload/catalog/view/theme/doll/template/module/filter.tpl on line 17
2022-03-31 15:40:20 - PHP Notice:  Undefined variable: token in /Users/icm/Sites/localhost/new.new.doll/upload/catalog/view/theme/doll/template/module/filter.tpl on line 17
2022-03-31 15:40:20 - PHP Notice:  Undefined variable: token in /Users/icm/Sites/localhost/new.new.doll/upload/catalog/view/theme/doll/template/module/filter.tpl on line 17
2022-03-31 15:40:26 - PHP Notice:  Undefined variable: token in /Users/icm/Sites/localhost/new.new.doll/upload/catalog/view/theme/doll/template/module/filter.tpl on line 17
2022-03-31 15:40:26 - PHP Notice:  Undefined variable: token in /Users/icm/Sites/localhost/new.new.doll/upload/catalog/view/theme/doll/template/module/filter.tpl on line 17
2022-03-31 15:40:26 - PHP Notice:  Undefined variable: token in /Users/icm/Sites/localhost/new.new.doll/upload/catalog/view/theme/doll/template/module/filter.tpl on line 17
2022-03-31 15:40:26 - PHP Notice:  Undefined variable: token in /Users/icm/Sites/localhost/new.new.doll/upload/catalog/view/theme/doll/template/module/filter.tpl on line 17
2022-03-31 15:40:26 - PHP Notice:  Undefined variable: token in /Users/icm/Sites/localhost/new.new.doll/upload/catalog/view/theme/doll/template/module/filter.tpl on line 17
2022-03-31 15:40:26 - PHP Notice:  Undefined variable: token in /Users/icm/Sites/localhost/new.new.doll/upload/catalog/view/theme/doll/template/module/filter.tpl on line 17
2022-03-31 15:40:31 - PHP Notice:  Undefined variable: token in /Users/icm/Sites/localhost/new.new.doll/upload/catalog/view/theme/doll/template/module/filter.tpl on line 17
2022-03-31 15:40:31 - PHP Notice:  Undefined variable: token in /Users/icm/Sites/localhost/new.new.doll/upload/catalog/view/theme/doll/template/module/filter.tpl on line 17
2022-03-31 15:40:31 - PHP Notice:  Undefined variable: token in /Users/icm/Sites/localhost/new.new.doll/upload/catalog/view/theme/doll/template/module/filter.tpl on line 17
2022-03-31 15:40:31 - PHP Notice:  Undefined variable: token in /Users/icm/Sites/localhost/new.new.doll/upload/catalog/view/theme/doll/template/module/filter.tpl on line 17
2022-03-31 15:40:31 - PHP Notice:  Undefined variable: token in /Users/icm/Sites/localhost/new.new.doll/upload/catalog/view/theme/doll/template/module/filter.tpl on line 17
2022-03-31 15:40:31 - PHP Notice:  Undefined variable: token in /Users/icm/Sites/localhost/new.new.doll/upload/catalog/view/theme/doll/template/module/filter.tpl on line 17
2022-03-31 15:40:32 - PHP Notice:  Undefined variable: token in /Users/icm/Sites/localhost/new.new.doll/upload/catalog/view/theme/doll/template/module/filter.tpl on line 17
2022-03-31 15:40:32 - PHP Notice:  Undefined variable: token in /Users/icm/Sites/localhost/new.new.doll/upload/catalog/view/theme/doll/template/module/filter.tpl on line 17
2022-03-31 15:40:32 - PHP Notice:  Undefined variable: token in /Users/icm/Sites/localhost/new.new.doll/upload/catalog/view/theme/doll/template/module/filter.tpl on line 17
2022-03-31 15:40:32 - PHP Notice:  Undefined variable: token in /Users/icm/Sites/localhost/new.new.doll/upload/catalog/view/theme/doll/template/module/filter.tpl on line 17
2022-03-31 15:40:32 - PHP Notice:  Undefined variable: token in /Users/icm/Sites/localhost/new.new.doll/upload/catalog/view/theme/doll/template/module/filter.tpl on line 17
2022-03-31 15:40:32 - PHP Notice:  Undefined variable: token in /Users/icm/Sites/localhost/new.new.doll/upload/catalog/view/theme/doll/template/module/filter.tpl on line 17
2022-03-31 15:40:44 - PHP Notice:  Undefined variable: token in /Users/icm/Sites/localhost/new.new.doll/upload/catalog/view/theme/doll/template/module/filter.tpl on line 17
2022-03-31 15:40:44 - PHP Notice:  Undefined variable: token in /Users/icm/Sites/localhost/new.new.doll/upload/catalog/view/theme/doll/template/module/filter.tpl on line 17
2022-03-31 15:40:44 - PHP Notice:  Undefined variable: token in /Users/icm/Sites/localhost/new.new.doll/upload/catalog/view/theme/doll/template/module/filter.tpl on line 17
2022-03-31 15:40:44 - PHP Notice:  Undefined variable: token in /Users/icm/Sites/localhost/new.new.doll/upload/catalog/view/theme/doll/template/module/filter.tpl on line 17
2022-03-31 15:40:44 - PHP Notice:  Undefined variable: token in /Users/icm/Sites/localhost/new.new.doll/upload/catalog/view/theme/doll/template/module/filter.tpl on line 17
2022-03-31 15:40:44 - PHP Notice:  Undefined variable: token in /Users/icm/Sites/localhost/new.new.doll/upload/catalog/view/theme/doll/template/module/filter.tpl on line 17
2022-03-31 15:40:44 - PHP Notice:  Undefined variable: token in /Users/icm/Sites/localhost/new.new.doll/upload/catalog/view/theme/doll/template/module/filter.tpl on line 17
2022-03-31 15:40:44 - PHP Notice:  Undefined variable: token in /Users/icm/Sites/localhost/new.new.doll/upload/catalog/view/theme/doll/template/module/filter.tpl on line 17
2022-03-31 15:40:44 - PHP Notice:  Undefined variable: token in /Users/icm/Sites/localhost/new.new.doll/upload/catalog/view/theme/doll/template/module/filter.tpl on line 17
2022-03-31 15:40:44 - PHP Notice:  Undefined variable: token in /Users/icm/Sites/localhost/new.new.doll/upload/catalog/view/theme/doll/template/module/filter.tpl on line 17
2022-03-31 15:40:44 - PHP Notice:  Undefined variable: token in /Users/icm/Sites/localhost/new.new.doll/upload/catalog/view/theme/doll/template/module/filter.tpl on line 17
2022-03-31 15:40:44 - PHP Notice:  Undefined variable: token in /Users/icm/Sites/localhost/new.new.doll/upload/catalog/view/theme/doll/template/module/filter.tpl on line 17
2022-03-31 15:40:45 - PHP Notice:  Undefined variable: token in /Users/icm/Sites/localhost/new.new.doll/upload/catalog/view/theme/doll/template/module/filter.tpl on line 17
2022-03-31 15:40:45 - PHP Notice:  Undefined variable: token in /Users/icm/Sites/localhost/new.new.doll/upload/catalog/view/theme/doll/template/module/filter.tpl on line 17
2022-03-31 15:40:45 - PHP Notice:  Undefined variable: token in /Users/icm/Sites/localhost/new.new.doll/upload/catalog/view/theme/doll/template/module/filter.tpl on line 17
2022-03-31 15:40:45 - PHP Notice:  Undefined variable: token in /Users/icm/Sites/localhost/new.new.doll/upload/catalog/view/theme/doll/template/module/filter.tpl on line 17
2022-03-31 15:40:45 - PHP Notice:  Undefined variable: token in /Users/icm/Sites/localhost/new.new.doll/upload/catalog/view/theme/doll/template/module/filter.tpl on line 17
2022-03-31 15:40:45 - PHP Notice:  Undefined variable: token in /Users/icm/Sites/localhost/new.new.doll/upload/catalog/view/theme/doll/template/module/filter.tpl on line 17
2022-03-31 15:40:46 - PHP Notice:  Undefined variable: token in /Users/icm/Sites/localhost/new.new.doll/upload/catalog/view/theme/doll/template/module/filter.tpl on line 17
2022-03-31 15:40:46 - PHP Notice:  Undefined variable: token in /Users/icm/Sites/localhost/new.new.doll/upload/catalog/view/theme/doll/template/module/filter.tpl on line 17
2022-03-31 15:40:46 - PHP Notice:  Undefined variable: token in /Users/icm/Sites/localhost/new.new.doll/upload/catalog/view/theme/doll/template/module/filter.tpl on line 17
2022-03-31 15:40:46 - PHP Notice:  Undefined variable: token in /Users/icm/Sites/localhost/new.new.doll/upload/catalog/view/theme/doll/template/module/filter.tpl on line 17
2022-03-31 15:40:46 - PHP Notice:  Undefined variable: token in /Users/icm/Sites/localhost/new.new.doll/upload/catalog/view/theme/doll/template/module/filter.tpl on line 17
2022-03-31 15:40:46 - PHP Notice:  Undefined variable: token in /Users/icm/Sites/localhost/new.new.doll/upload/catalog/view/theme/doll/template/module/filter.tpl on line 17
2022-03-31 15:40:51 - PHP Notice:  Undefined variable: token in /Users/icm/Sites/localhost/new.new.doll/upload/catalog/view/theme/doll/template/module/filter.tpl on line 17
2022-03-31 15:40:51 - PHP Notice:  Undefined variable: token in /Users/icm/Sites/localhost/new.new.doll/upload/catalog/view/theme/doll/template/module/filter.tpl on line 17
2022-03-31 15:40:51 - PHP Notice:  Undefined variable: token in /Users/icm/Sites/localhost/new.new.doll/upload/catalog/view/theme/doll/template/module/filter.tpl on line 17
2022-03-31 15:40:51 - PHP Notice:  Undefined variable: token in /Users/icm/Sites/localhost/new.new.doll/upload/catalog/view/theme/doll/template/module/filter.tpl on line 17
2022-03-31 15:40:51 - PHP Notice:  Undefined variable: token in /Users/icm/Sites/localhost/new.new.doll/upload/catalog/view/theme/doll/template/module/filter.tpl on line 17
2022-03-31 15:40:51 - PHP Notice:  Undefined variable: token in /Users/icm/Sites/localhost/new.new.doll/upload/catalog/view/theme/doll/template/module/filter.tpl on line 17
2022-03-31 15:40:52 - PHP Notice:  Undefined variable: token in /Users/icm/Sites/localhost/new.new.doll/upload/catalog/view/theme/doll/template/module/filter.tpl on line 17
2022-03-31 15:40:52 - PHP Notice:  Undefined variable: token in /Users/icm/Sites/localhost/new.new.doll/upload/catalog/view/theme/doll/template/module/filter.tpl on line 17
2022-03-31 15:40:52 - PHP Notice:  Undefined variable: token in /Users/icm/Sites/localhost/new.new.doll/upload/catalog/view/theme/doll/template/module/filter.tpl on line 17
2022-03-31 15:40:52 - PHP Notice:  Undefined variable: token in /Users/icm/Sites/localhost/new.new.doll/upload/catalog/view/theme/doll/template/module/filter.tpl on line 17
2022-03-31 15:40:52 - PHP Notice:  Undefined variable: token in /Users/icm/Sites/localhost/new.new.doll/upload/catalog/view/theme/doll/template/module/filter.tpl on line 17
2022-03-31 15:40:52 - PHP Notice:  Undefined variable: token in /Users/icm/Sites/localhost/new.new.doll/upload/catalog/view/theme/doll/template/module/filter.tpl on line 17
2022-03-31 15:40:52 - PHP Notice:  Undefined variable: token in /Users/icm/Sites/localhost/new.new.doll/upload/catalog/view/theme/doll/template/module/filter.tpl on line 17
2022-03-31 15:40:52 - PHP Notice:  Undefined variable: token in /Users/icm/Sites/localhost/new.new.doll/upload/catalog/view/theme/doll/template/module/filter.tpl on line 17
2022-03-31 15:40:52 - PHP Notice:  Undefined variable: token in /Users/icm/Sites/localhost/new.new.doll/upload/catalog/view/theme/doll/template/module/filter.tpl on line 17
2022-03-31 15:40:52 - PHP Notice:  Undefined variable: token in /Users/icm/Sites/localhost/new.new.doll/upload/catalog/view/theme/doll/template/module/filter.tpl on line 17
2022-03-31 15:40:52 - PHP Notice:  Undefined variable: token in /Users/icm/Sites/localhost/new.new.doll/upload/catalog/view/theme/doll/template/module/filter.tpl on line 17
2022-03-31 15:40:52 - PHP Notice:  Undefined variable: token in /Users/icm/Sites/localhost/new.new.doll/upload/catalog/view/theme/doll/template/module/filter.tpl on line 17
2022-03-31 15:40:57 - PHP Notice:  Undefined variable: token in /Users/icm/Sites/localhost/new.new.doll/upload/catalog/view/theme/doll/template/module/filter.tpl on line 17
2022-03-31 15:40:57 - PHP Notice:  Undefined variable: token in /Users/icm/Sites/localhost/new.new.doll/upload/catalog/view/theme/doll/template/module/filter.tpl on line 17
2022-03-31 15:40:57 - PHP Notice:  Undefined variable: token in /Users/icm/Sites/localhost/new.new.doll/upload/catalog/view/theme/doll/template/module/filter.tpl on line 17
2022-03-31 15:40:57 - PHP Notice:  Undefined variable: token in /Users/icm/Sites/localhost/new.new.doll/upload/catalog/view/theme/doll/template/module/filter.tpl on line 17
2022-03-31 15:40:57 - PHP Notice:  Undefined variable: token in /Users/icm/Sites/localhost/new.new.doll/upload/catalog/view/theme/doll/template/module/filter.tpl on line 17
2022-03-31 15:40:57 - PHP Notice:  Undefined variable: token in /Users/icm/Sites/localhost/new.new.doll/upload/catalog/view/theme/doll/template/module/filter.tpl on line 17
2022-03-31 15:40:58 - PHP Notice:  Undefined variable: token in /Users/icm/Sites/localhost/new.new.doll/upload/catalog/view/theme/doll/template/module/filter.tpl on line 17
2022-03-31 15:40:58 - PHP Notice:  Undefined variable: token in /Users/icm/Sites/localhost/new.new.doll/upload/catalog/view/theme/doll/template/module/filter.tpl on line 17
2022-03-31 15:40:58 - PHP Notice:  Undefined variable: token in /Users/icm/Sites/localhost/new.new.doll/upload/catalog/view/theme/doll/template/module/filter.tpl on line 17
2022-03-31 15:40:58 - PHP Notice:  Undefined variable: token in /Users/icm/Sites/localhost/new.new.doll/upload/catalog/view/theme/doll/template/module/filter.tpl on line 17
2022-03-31 15:40:58 - PHP Notice:  Undefined variable: token in /Users/icm/Sites/localhost/new.new.doll/upload/catalog/view/theme/doll/template/module/filter.tpl on line 17
2022-03-31 15:40:58 - PHP Notice:  Undefined variable: token in /Users/icm/Sites/localhost/new.new.doll/upload/catalog/view/theme/doll/template/module/filter.tpl on line 17
2022-03-31 15:40:58 - PHP Notice:  Undefined variable: token in /Users/icm/Sites/localhost/new.new.doll/upload/catalog/view/theme/doll/template/module/filter.tpl on line 17
2022-03-31 15:40:58 - PHP Notice:  Undefined variable: token in /Users/icm/Sites/localhost/new.new.doll/upload/catalog/view/theme/doll/template/module/filter.tpl on line 17
2022-03-31 15:40:58 - PHP Notice:  Undefined variable: token in /Users/icm/Sites/localhost/new.new.doll/upload/catalog/view/theme/doll/template/module/filter.tpl on line 17
2022-03-31 15:40:58 - PHP Notice:  Undefined variable: token in /Users/icm/Sites/localhost/new.new.doll/upload/catalog/view/theme/doll/template/module/filter.tpl on line 17
2022-03-31 15:40:58 - PHP Notice:  Undefined variable: token in /Users/icm/Sites/localhost/new.new.doll/upload/catalog/view/theme/doll/template/module/filter.tpl on line 17
2022-03-31 15:40:58 - PHP Notice:  Undefined variable: token in /Users/icm/Sites/localhost/new.new.doll/upload/catalog/view/theme/doll/template/module/filter.tpl on line 17
2022-03-31 15:40:58 - PHP Notice:  Undefined variable: token in /Users/icm/Sites/localhost/new.new.doll/upload/catalog/view/theme/doll/template/module/filter.tpl on line 17
2022-03-31 15:40:58 - PHP Notice:  Undefined variable: token in /Users/icm/Sites/localhost/new.new.doll/upload/catalog/view/theme/doll/template/module/filter.tpl on line 17
2022-03-31 15:40:58 - PHP Notice:  Undefined variable: token in /Users/icm/Sites/localhost/new.new.doll/upload/catalog/view/theme/doll/template/module/filter.tpl on line 17
2022-03-31 15:40:58 - PHP Notice:  Undefined variable: token in /Users/icm/Sites/localhost/new.new.doll/upload/catalog/view/theme/doll/template/module/filter.tpl on line 17
2022-03-31 15:40:58 - PHP Notice:  Undefined variable: token in /Users/icm/Sites/localhost/new.new.doll/upload/catalog/view/theme/doll/template/module/filter.tpl on line 17
2022-03-31 15:40:58 - PHP Notice:  Undefined variable: token in /Users/icm/Sites/localhost/new.new.doll/upload/catalog/view/theme/doll/template/module/filter.tpl on line 17
2022-03-31 15:40:58 - PHP Notice:  Undefined variable: token in /Users/icm/Sites/localhost/new.new.doll/upload/catalog/view/theme/doll/template/module/filter.tpl on line 17
2022-03-31 15:40:58 - PHP Notice:  Undefined variable: token in /Users/icm/Sites/localhost/new.new.doll/upload/catalog/view/theme/doll/template/module/filter.tpl on line 17
2022-03-31 15:40:58 - PHP Notice:  Undefined variable: token in /Users/icm/Sites/localhost/new.new.doll/upload/catalog/view/theme/doll/template/module/filter.tpl on line 17
2022-03-31 15:40:58 - PHP Notice:  Undefined variable: token in /Users/icm/Sites/localhost/new.new.doll/upload/catalog/view/theme/doll/template/module/filter.tpl on line 17
2022-03-31 15:40:58 - PHP Notice:  Undefined variable: token in /Users/icm/Sites/localhost/new.new.doll/upload/catalog/view/theme/doll/template/module/filter.tpl on line 17
2022-03-31 15:40:58 - PHP Notice:  Undefined variable: token in /Users/icm/Sites/localhost/new.new.doll/upload/catalog/view/theme/doll/template/module/filter.tpl on line 17
2022-03-31 15:40:59 - PHP Notice:  Undefined variable: token in /Users/icm/Sites/localhost/new.new.doll/upload/catalog/view/theme/doll/template/module/filter.tpl on line 17
2022-03-31 15:40:59 - PHP Notice:  Undefined variable: token in /Users/icm/Sites/localhost/new.new.doll/upload/catalog/view/theme/doll/template/module/filter.tpl on line 17
2022-03-31 15:40:59 - PHP Notice:  Undefined variable: token in /Users/icm/Sites/localhost/new.new.doll/upload/catalog/view/theme/doll/template/module/filter.tpl on line 17
2022-03-31 15:40:59 - PHP Notice:  Undefined variable: token in /Users/icm/Sites/localhost/new.new.doll/upload/catalog/view/theme/doll/template/module/filter.tpl on line 17
2022-03-31 15:40:59 - PHP Notice:  Undefined variable: token in /Users/icm/Sites/localhost/new.new.doll/upload/catalog/view/theme/doll/template/module/filter.tpl on line 17
2022-03-31 15:40:59 - PHP Notice:  Undefined variable: token in /Users/icm/Sites/localhost/new.new.doll/upload/catalog/view/theme/doll/template/module/filter.tpl on line 17
2022-03-31 15:40:59 - PHP Notice:  Undefined variable: token in /Users/icm/Sites/localhost/new.new.doll/upload/catalog/view/theme/doll/template/module/filter.tpl on line 17
2022-03-31 15:40:59 - PHP Notice:  Undefined variable: token in /Users/icm/Sites/localhost/new.new.doll/upload/catalog/view/theme/doll/template/module/filter.tpl on line 17
2022-03-31 15:40:59 - PHP Notice:  Undefined variable: token in /Users/icm/Sites/localhost/new.new.doll/upload/catalog/view/theme/doll/template/module/filter.tpl on line 17
2022-03-31 15:40:59 - PHP Notice:  Undefined variable: token in /Users/icm/Sites/localhost/new.new.doll/upload/catalog/view/theme/doll/template/module/filter.tpl on line 17
2022-03-31 15:40:59 - PHP Notice:  Undefined variable: token in /Users/icm/Sites/localhost/new.new.doll/upload/catalog/view/theme/doll/template/module/filter.tpl on line 17
2022-03-31 15:40:59 - PHP Notice:  Undefined variable: token in /Users/icm/Sites/localhost/new.new.doll/upload/catalog/view/theme/doll/template/module/filter.tpl on line 17
2022-03-31 15:40:59 - PHP Notice:  Undefined variable: token in /Users/icm/Sites/localhost/new.new.doll/upload/catalog/view/theme/doll/template/module/filter.tpl on line 17
2022-03-31 15:40:59 - PHP Notice:  Undefined variable: token in /Users/icm/Sites/localhost/new.new.doll/upload/catalog/view/theme/doll/template/module/filter.tpl on line 17
2022-03-31 15:40:59 - PHP Notice:  Undefined variable: token in /Users/icm/Sites/localhost/new.new.doll/upload/catalog/view/theme/doll/template/module/filter.tpl on line 17
2022-03-31 15:40:59 - PHP Notice:  Undefined variable: token in /Users/icm/Sites/localhost/new.new.doll/upload/catalog/view/theme/doll/template/module/filter.tpl on line 17
2022-03-31 15:40:59 - PHP Notice:  Undefined variable: token in /Users/icm/Sites/localhost/new.new.doll/upload/catalog/view/theme/doll/template/module/filter.tpl on line 17
2022-03-31 15:40:59 - PHP Notice:  Undefined variable: token in /Users/icm/Sites/localhost/new.new.doll/upload/catalog/view/theme/doll/template/module/filter.tpl on line 17
2022-03-31 17:13:33 - PHP Notice:  Undefined variable: cart_total in /Users/icm/Sites/localhost/new.new.doll/upload/catalog/view/theme/doll/template/common/header.tpl on line 52
2022-03-31 17:13:54 - PHP Notice:  Undefined variable: cart_total in /Users/icm/Sites/localhost/new.new.doll/upload/catalog/view/theme/doll/template/common/header.tpl on line 52
2022-04-01 10:35:29 - PHP Notice:  Undefined index: RU in /Users/icm/Sites/localhost/new.new.doll/upload/admin/index.php on line 119
2022-04-01 10:35:29 - PHP Notice:  Undefined index: RU in /Users/icm/Sites/localhost/new.new.doll/upload/admin/index.php on line 122
2022-04-01 10:35:29 - PHP Notice:  Undefined index: RU in /Users/icm/Sites/localhost/new.new.doll/upload/admin/index.php on line 123
2022-04-01 10:35:35 - PHP Notice:  Undefined index: RU in /Users/icm/Sites/localhost/new.new.doll/upload/admin/index.php on line 119
2022-04-01 10:35:35 - PHP Notice:  Undefined index: RU in /Users/icm/Sites/localhost/new.new.doll/upload/admin/index.php on line 122
2022-04-01 10:35:35 - PHP Notice:  Undefined index: RU in /Users/icm/Sites/localhost/new.new.doll/upload/admin/index.php on line 123
2022-04-01 10:35:40 - PHP Notice:  Undefined index: RU in /Users/icm/Sites/localhost/new.new.doll/upload/admin/index.php on line 119
2022-04-01 10:35:40 - PHP Notice:  Undefined index: RU in /Users/icm/Sites/localhost/new.new.doll/upload/admin/index.php on line 122
2022-04-01 10:35:40 - PHP Notice:  Undefined index: RU in /Users/icm/Sites/localhost/new.new.doll/upload/admin/index.php on line 123
2022-04-01 10:35:40 - PHP Warning:  Cannot modify header information - headers already sent by (output started at /Users/icm/Sites/localhost/new.new.doll/upload/admin/index.php:80) in /Users/icm/Sites/localhost/new.new.doll/upload/system/library/response.php on line 12
2022-04-01 10:35:43 - PHP Notice:  Undefined index: RU in /Users/icm/Sites/localhost/new.new.doll/upload/admin/index.php on line 119
2022-04-01 10:35:43 - PHP Notice:  Undefined index: RU in /Users/icm/Sites/localhost/new.new.doll/upload/admin/index.php on line 122
2022-04-01 10:35:43 - PHP Notice:  Undefined index: RU in /Users/icm/Sites/localhost/new.new.doll/upload/admin/index.php on line 123
2022-04-01 10:35:43 - PHP Warning:  Cannot modify header information - headers already sent by (output started at /Users/icm/Sites/localhost/new.new.doll/upload/admin/index.php:80) in /Users/icm/Sites/localhost/new.new.doll/upload/system/library/response.php on line 12
2022-04-01 10:35:45 - PHP Notice:  Undefined index: RU in /Users/icm/Sites/localhost/new.new.doll/upload/admin/index.php on line 119
2022-04-01 10:35:45 - PHP Notice:  Undefined index: RU in /Users/icm/Sites/localhost/new.new.doll/upload/admin/index.php on line 122
2022-04-01 10:35:45 - PHP Notice:  Undefined index: RU in /Users/icm/Sites/localhost/new.new.doll/upload/admin/index.php on line 123
2022-04-01 10:35:49 - PHP Notice:  Undefined index: RU in /Users/icm/Sites/localhost/new.new.doll/upload/admin/index.php on line 119
2022-04-01 10:35:49 - PHP Notice:  Undefined index: RU in /Users/icm/Sites/localhost/new.new.doll/upload/admin/index.php on line 122
2022-04-01 10:35:49 - PHP Notice:  Undefined index: RU in /Users/icm/Sites/localhost/new.new.doll/upload/admin/index.php on line 123
2022-04-01 10:35:49 - PHP Warning:  Cannot modify header information - headers already sent by (output started at /Users/icm/Sites/localhost/new.new.doll/upload/admin/index.php:80) in /Users/icm/Sites/localhost/new.new.doll/upload/system/library/response.php on line 12
2022-04-01 10:35:52 - PHP Notice:  Undefined index: RU in /Users/icm/Sites/localhost/new.new.doll/upload/admin/index.php on line 119
2022-04-01 10:35:52 - PHP Notice:  Undefined index: RU in /Users/icm/Sites/localhost/new.new.doll/upload/admin/index.php on line 122
2022-04-01 10:35:52 - PHP Notice:  Undefined index: RU in /Users/icm/Sites/localhost/new.new.doll/upload/admin/index.php on line 123
2022-04-01 10:36:02 - PHP Notice:  Undefined index: RU in /Users/icm/Sites/localhost/new.new.doll/upload/admin/index.php on line 119
2022-04-01 10:36:02 - PHP Notice:  Undefined index: RU in /Users/icm/Sites/localhost/new.new.doll/upload/admin/index.php on line 122
2022-04-01 10:36:02 - PHP Notice:  Undefined index: RU in /Users/icm/Sites/localhost/new.new.doll/upload/admin/index.php on line 123
2022-04-01 10:36:02 - PHP Warning:  Cannot modify header information - headers already sent by (output started at /Users/icm/Sites/localhost/new.new.doll/upload/admin/index.php:80) in /Users/icm/Sites/localhost/new.new.doll/upload/system/library/response.php on line 12
